<?xml version="1.0" encoding="UTF-8"?>
<!-- Generated by org.testng.reporters.JUnitXMLReporter -->
<testsuite ignored="13" hostname="AIPLLTH372" failures="0" tests="1" name="Default test" time="126.336" errors="0" timestamp="11 Oct 2022 07:21:49 GMT">
  <testcase classname="com.easemygst.automation.testcases.Search_Functionality" name="filterByDate" time="96.06"/>
  <testcase classname="com.easemygst.automation.testcases.Search_Functionality" name="updateCancelTerminated" time="0.0">
    <ignored/>
  </testcase> <!-- updateCancelTerminated -->
  <testcase classname="com.easemygst.automation.testcases.Search_Functionality" name="searchCancelled" time="0.0">
    <ignored/>
  </testcase> <!-- searchCancelled -->
  <testcase classname="com.easemygst.automation.testcases.Search_Functionality" name="customSearch" time="0.0">
    <ignored/>
  </testcase> <!-- customSearch -->
  <testcase classname="com.easemygst.automation.testcases.Search_Functionality" name="searchNewOrProgress" time="0.0">
    <ignored/>
  </testcase> <!-- searchNewOrProgress -->
  <testcase classname="com.easemygst.automation.testcases.Search_Functionality" name="preExecuteStatus" time="0.0">
    <ignored/>
  </testcase> <!-- preExecuteStatus -->
  <testcase classname="com.easemygst.automation.testcases.Search_Functionality" name="searchUpdated" time="0.0">
    <ignored/>
  </testcase> <!-- searchUpdated -->
  <testcase classname="com.easemygst.automation.testcases.Search_Functionality" name="updateCancelGenerated" time="0.0">
    <ignored/>
  </testcase> <!-- updateCancelGenerated -->
  <testcase classname="com.easemygst.automation.testcases.Search_Functionality" name="postExecuteStatus" time="0.0">
    <ignored/>
  </testcase> <!-- postExecuteStatus -->
  <testcase classname="com.easemygst.automation.testcases.Search_Functionality" name="searchRejected" time="0.0">
    <ignored/>
  </testcase> <!-- searchRejected -->
  <testcase classname="com.easemygst.automation.testcases.Search_Functionality" name="searchfilters" time="0.0">
    <ignored/>
  </testcase> <!-- searchfilters -->
  <testcase classname="com.easemygst.automation.testcases.Search_Functionality" name="searchExtended" time="0.0">
    <ignored/>
  </testcase> <!-- searchExtended -->
  <testcase classname="com.easemygst.automation.testcases.Search_Functionality" name="searchGenerated" time="0.0">
    <ignored/>
  </testcase> <!-- searchGenerated -->
  <testcase classname="com.easemygst.automation.testcases.Search_Functionality" name="requestCancelled" time="0.0">
    <ignored/>
  </testcase> <!-- requestCancelled -->
</testsuite> <!-- Default test -->
