<?xml version="1.0" encoding="UTF-8"?>
<testng-results ignored="13" total="14" passed="1" failed="0" skipped="0">
  <reporter-output>
  </reporter-output>
  <suite started-at="2022-10-11T07:19:43Z" name="Default suite" finished-at="2022-10-11T07:21:49Z" duration-ms="126336">
    <groups>
    </groups>
    <test started-at="2022-10-11T07:19:43Z" name="Default test" finished-at="2022-10-11T07:21:49Z" duration-ms="126336">
      <class name="com.easemygst.automation.testcases.Search_Functionality">
        <test-method is-config="true" signature="Data()[pri:0, instance:com.easemygst.automation.testcases.Search_Functionality@1a20270e]" started-at="2022-10-11T12:49:43Z" name="Data" finished-at="2022-10-11T12:49:43Z" duration-ms="29" status="PASS">
          <reporter-output>
          </reporter-output>
        </test-method> <!-- Data -->
        <test-method is-config="true" signature="loadData()[pri:0, instance:com.easemygst.automation.testcases.Search_Functionality@1a20270e]" started-at="2022-10-11T12:49:43Z" name="loadData" finished-at="2022-10-11T12:50:08Z" duration-ms="24448" status="PASS">
          <reporter-output>
          </reporter-output>
        </test-method> <!-- loadData -->
        <test-method signature="filterByDate()[pri:13, instance:com.easemygst.automation.testcases.Search_Functionality@1a20270e]" started-at="2022-10-11T12:50:08Z" name="filterByDate" finished-at="2022-10-11T12:51:44Z" duration-ms="96060" status="PASS">
          <reporter-output>
          </reporter-output>
        </test-method> <!-- filterByDate -->
        <test-method is-config="true" signature="logTestResult()[pri:0, instance:com.easemygst.automation.testcases.Search_Functionality@1a20270e]" started-at="2022-10-11T12:51:44Z" name="logTestResult" finished-at="2022-10-11T12:51:49Z" duration-ms="5124" status="PASS">
          <reporter-output>
          </reporter-output>
        </test-method> <!-- logTestResult -->
        <test-method is-config="true" signature="endReport()[pri:0, instance:com.easemygst.automation.testcases.Search_Functionality@1a20270e]" started-at="2022-10-11T12:51:49Z" name="endReport" finished-at="2022-10-11T12:51:49Z" duration-ms="1" status="PASS">
          <reporter-output>
          </reporter-output>
        </test-method> <!-- endReport -->
      </class> <!-- com.easemygst.automation.testcases.Search_Functionality -->
    </test> <!-- Default test -->
  </suite> <!-- Default suite -->
</testng-results>
