<?xml version="1.0" encoding="UTF-8"?>
<testng-results ignored="3" total="4" passed="0" failed="1" skipped="0">
  <reporter-output>
  </reporter-output>
  <suite started-at="2023-01-28T10:27:17 IST" name="Default suite" finished-at="2023-01-28T10:28:23 IST" duration-ms="66230">
    <groups>
    </groups>
    <test started-at="2023-01-28T10:27:17 IST" name="Default test" finished-at="2023-01-28T10:28:23 IST" duration-ms="66230">
      <class name="com.easemygst.automation.testcases.Outward_EWayBills">
        <test-method is-config="true" signature="Data()[pri:0, instance:com.easemygst.automation.testcases.Outward_EWayBills@eda25e5]" started-at="2023-01-28T10:27:17 IST" name="Data" finished-at="2023-01-28T10:27:17 IST" duration-ms="14" status="PASS">
          <reporter-output>
          </reporter-output>
        </test-method> <!-- Data -->
        <test-method is-config="true" signature="loadData()[pri:0, instance:com.easemygst.automation.testcases.Outward_EWayBills@eda25e5]" started-at="2023-01-28T10:27:17 IST" name="loadData" finished-at="2023-01-28T10:27:28 IST" duration-ms="10714" status="PASS">
          <reporter-output>
          </reporter-output>
        </test-method> <!-- loadData -->
        <test-method signature="eWaybillV12A()[pri:0, instance:com.easemygst.automation.testcases.Outward_EWayBills@eda25e5]" started-at="2023-01-28T10:27:28 IST" name="eWaybillV12A" finished-at="2023-01-28T10:28:18 IST" duration-ms="50217" status="FAIL">
          <exception class="org.sikuli.script.FindFailed">
            <message>
              <![CDATA[C:\Users\ppgovindavajjula\Documents\Easemygst\src\test\resources\Sikuli\Capture.PNG: (271x35) in R[0,0 1280x720]@S(0)]]>
            </message>
            <full-stacktrace>
              <![CDATA[FindFailed: C:\Users\ppgovindavajjula\Documents\Easemygst\src\test\resources\Sikuli\Capture.PNG: (271x35) in R[0,0 1280x720]@S(0)
  Line 2226, in file Region.java

at org.sikuli.script.Region.wait(Region.java:2226)
at com.easemygst.automation.core.TestActions.uploadFile(TestActions.java:229)
at com.easemygst.automation.pom.Apps.initiateProcess(Apps.java:145)
at com.easemygst.automation.testcases.Outward_EWayBills.eWaybillV12A(Outward_EWayBills.java:61)
at java.base/jdk.internal.reflect.NativeMethodAccessorImpl.invoke0(Native Method)
at java.base/jdk.internal.reflect.NativeMethodAccessorImpl.invoke(NativeMethodAccessorImpl.java:77)
at java.base/jdk.internal.reflect.DelegatingMethodAccessorImpl.invoke(DelegatingMethodAccessorImpl.java:43)
at java.base/java.lang.reflect.Method.invoke(Method.java:568)
at org.testng.internal.MethodInvocationHelper.invokeMethod(MethodInvocationHelper.java:133)
at org.testng.internal.TestInvoker.invokeMethod(TestInvoker.java:598)
at org.testng.internal.TestInvoker.invokeTestMethod(TestInvoker.java:173)
at org.testng.internal.MethodRunner.runInSequence(MethodRunner.java:46)
at org.testng.internal.TestInvoker$MethodInvocationAgent.invoke(TestInvoker.java:824)
at org.testng.internal.TestInvoker.invokeTestMethods(TestInvoker.java:146)
at org.testng.internal.TestMethodWorker.invokeTestMethods(TestMethodWorker.java:146)
at org.testng.internal.TestMethodWorker.run(TestMethodWorker.java:128)
at java.base/java.util.ArrayList.forEach(ArrayList.java:1511)
at org.testng.TestRunner.privateRun(TestRunner.java:794)
at org.testng.TestRunner.run(TestRunner.java:596)
at org.testng.SuiteRunner.runTest(SuiteRunner.java:377)
at org.testng.SuiteRunner.runSequentially(SuiteRunner.java:371)
at org.testng.SuiteRunner.privateRun(SuiteRunner.java:332)
at org.testng.SuiteRunner.run(SuiteRunner.java:276)
at org.testng.SuiteRunnerWorker.runSuite(SuiteRunnerWorker.java:53)
at org.testng.SuiteRunnerWorker.run(SuiteRunnerWorker.java:96)
at org.testng.TestNG.runSuitesSequentially(TestNG.java:1212)
at org.testng.TestNG.runSuitesLocally(TestNG.java:1134)
at org.testng.TestNG.runSuites(TestNG.java:1063)
at org.testng.TestNG.run(TestNG.java:1031)
at org.testng.remote.AbstractRemoteTestNG.run(AbstractRemoteTestNG.java:115)
at org.testng.remote.RemoteTestNG.initAndRun(RemoteTestNG.java:251)
at org.testng.remote.RemoteTestNG.main(RemoteTestNG.java:77)
]]>
            </full-stacktrace>
          </exception> <!-- org.sikuli.script.FindFailed -->
          <reporter-output>
          </reporter-output>
        </test-method> <!-- eWaybillV12A -->
        <test-method is-config="true" signature="logTestResult(org.testng.ITestResult)[pri:0, instance:com.easemygst.automation.testcases.Outward_EWayBills@eda25e5]" started-at="2023-01-28T10:28:18 IST" name="logTestResult" finished-at="2023-01-28T10:28:23 IST" duration-ms="5115" status="PASS">
          <params>
            <param index="0">
              <value>
                <![CDATA[[TestResult name=eWaybillV12A status=FAILURE method=Outward_EWayBills.eWaybillV12A()[pri:0, instance:com.easemygst.automation.testcases.Outward_EWayBills@eda25e5] output={null}]]]>
              </value>
            </param>
          </params>
          <reporter-output>
          </reporter-output>
        </test-method> <!-- logTestResult -->
        <test-method is-config="true" signature="endReport()[pri:0, instance:com.easemygst.automation.testcases.Outward_EWayBills@eda25e5]" started-at="2023-01-28T10:28:23 IST" name="endReport" finished-at="2023-01-28T10:28:23 IST" duration-ms="0" status="PASS">
          <reporter-output>
          </reporter-output>
        </test-method> <!-- endReport -->
      </class> <!-- com.easemygst.automation.testcases.Outward_EWayBills -->
    </test> <!-- Default test -->
  </suite> <!-- Default suite -->
</testng-results>
